Determining if the pthread_create exist failed with the following output:
Change Dir: /home/florian/Bureau/dwarfcraft/GLImac-Template-Projet-Linux-Windows-build/CMakeFiles/CMakeTmp

Run Build Command:/usr/bin/make "cmTryCompileExec2110665874/fast"
/usr/bin/make -f CMakeFiles/cmTryCompileExec2110665874.dir/build.make CMakeFiles/cmTryCompileExec2110665874.dir/build
make[1]: entrant dans le répertoire « /home/florian/Bureau/dwarfcraft/GLImac-Template-Projet-Linux-Windows-build/CMakeFiles/CMakeTmp »
/usr/bin/cmake -E cmake_progress_report /home/florian/Bureau/dwarfcraft/GLImac-Template-Projet-Linux-Windows-build/CMakeFiles/CMakeTmp/CMakeFiles 1
Building C object CMakeFiles/cmTryCompileExec2110665874.dir/CheckSymbolExists.c.o
/usr/bin/cc    -o CMakeFiles/cmTryCompileExec2110665874.dir/CheckSymbolExists.c.o   -c /home/florian/Bureau/dwarfcraft/GLImac-Template-Projet-Linux-Windows-build/CMakeFiles/CMakeTmp/CheckSymbolExists.c
Linking C executable cmTryCompileExec2110665874
/usr/bin/cmake -E cmake_link_script CMakeFiles/cmTryCompileExec2110665874.dir/link.txt --verbose=1
/usr/bin/cc       CMakeFiles/cmTryCompileExec2110665874.dir/CheckSymbolExists.c.o  -o cmTryCompileExec2110665874 -rdynamic 
CMakeFiles/cmTryCompileExec2110665874.dir/CheckSymbolExists.c.o: dans la fonction « main »:
CheckSymbolExists.c:(.text+0x16): référence indéfinie vers « pthread_create »
collect2: error: ld returned 1 exit status
make[1]: *** [cmTryCompileExec2110665874] Erreur 1
make[1]: quittant le répertoire « /home/florian/Bureau/dwarfcraft/GLImac-Template-Projet-Linux-Windows-build/CMakeFiles/CMakeTmp »
make: *** [cmTryCompileExec2110665874/fast] Erreur 2

File /home/florian/Bureau/dwarfcraft/GLImac-Template-Projet-Linux-Windows-build/CMakeFiles/CMakeTmp/CheckSymbolExists.c:
/* */
#include <pthread.h>

int main(int argc, char** argv)
{
  (void)argv;
#ifndef pthread_create
  return ((int*)(&pthread_create))[argc];
#else
  (void)argc;
  return 0;
#endif
}

Determining if the function pthread_create exists in the pthreads failed with the following output:
Change Dir: /home/florian/Bureau/dwarfcraft/GLImac-Template-Projet-Linux-Windows-build/CMakeFiles/CMakeTmp

Run Build Command:/usr/bin/make "cmTryCompileExec71011477/fast"
/usr/bin/make -f CMakeFiles/cmTryCompileExec71011477.dir/build.make CMakeFiles/cmTryCompileExec71011477.dir/build
make[1]: entrant dans le répertoire « /home/florian/Bureau/dwarfcraft/GLImac-Template-Projet-Linux-Windows-build/CMakeFiles/CMakeTmp »
/usr/bin/cmake -E cmake_progress_report /home/florian/Bureau/dwarfcraft/GLImac-Template-Projet-Linux-Windows-build/CMakeFiles/CMakeTmp/CMakeFiles 1
Building C object CMakeFiles/cmTryCompileExec71011477.dir/CheckFunctionExists.c.o
/usr/bin/cc   -DCHECK_FUNCTION_EXISTS=pthread_create   -o CMakeFiles/cmTryCompileExec71011477.dir/CheckFunctionExists.c.o   -c /usr/share/cmake-2.8/Modules/CheckFunctionExists.c
Linking C executable cmTryCompileExec71011477
/usr/bin/cmake -E cmake_link_script CMakeFiles/cmTryCompileExec71011477.dir/link.txt --verbose=1
/usr/bin/cc   -DCHECK_FUNCTION_EXISTS=pthread_create    CMakeFiles/cmTryCompileExec71011477.dir/CheckFunctionExists.c.o  -o cmTryCompileExec71011477 -rdynamic -lpthreads 
/usr/bin/ld: ne peut trouver -lpthreads
collect2: error: ld returned 1 exit status
make[1]: *** [cmTryCompileExec71011477] Erreur 1
make[1]: quittant le répertoire « /home/florian/Bureau/dwarfcraft/GLImac-Template-Projet-Linux-Windows-build/CMakeFiles/CMakeTmp »
make: *** [cmTryCompileExec71011477/fast] Erreur 2


